[13 Mar, 2025 - 16:11:48:1148] [34minfo[39m: [34m[39m
[34m☘️  MongoDB Connected! Db host: ac-rinoagb-shard-00-02.8fkp40v.mongodb.net[39m
[34m[39m
[13 Mar, 2025 - 16:11:48:1148] [34minfo[39m: [34m📑 Visit the documentation at: http://localhost:8080[39m
[13 Mar, 2025 - 16:11:48:1148] [34minfo[39m: [34m⚙️  Server is running on port: 8080[39m
[13 Mar, 2025 - 16:15:15:1515] [34minfo[39m: [34m[39m
[34m☘️  MongoDB Connected! Db host: ac-rinoagb-shard-00-02.8fkp40v.mongodb.net[39m
[34m[39m
[13 Mar, 2025 - 16:15:15:1515] [34minfo[39m: [34m📑 Visit the documentation at: http://localhost:8080[39m
[13 Mar, 2025 - 16:15:15:1515] [34minfo[39m: [34m⚙️  Server is running on port: 8080[39m
[13 Mar, 2025 - 19:26:37:2637] [31merror[39m: [31mMongoDB connection error:  querySrv ETIMEOUT _mongodb._tcp.cluster0.8fkp40v.mongodb.net[39m
[13 Mar, 2025 - 19:28:45:2845] [34minfo[39m: [34m[39m
[34m☘️  MongoDB Connected! Db host: ac-rinoagb-shard-00-00.8fkp40v.mongodb.net[39m
[34m[39m
[13 Mar, 2025 - 19:28:45:2845] [34minfo[39m: [34m📑 Visit the documentation at: http://localhost:8080[39m
[13 Mar, 2025 - 19:28:45:2845] [34minfo[39m: [34m⚙️  Server is running on port: 8080[39m
[13 Mar, 2025 - 19:30:59:3059] [34minfo[39m: [34m[39m
[34m☘️  MongoDB Connected! Db host: ac-rinoagb-shard-00-00.8fkp40v.mongodb.net[39m
[34m[39m
[13 Mar, 2025 - 19:30:59:3059] [34minfo[39m: [34m📑 Visit the documentation at: http://localhost:8080[39m
[13 Mar, 2025 - 19:30:59:3059] [34minfo[39m: [34m⚙️  Server is running on port: 8080[39m
[14 Mar, 2025 - 07:35:13:3513] [34minfo[39m: [34m[39m
[34m☘️  MongoDB Connected! Db host: cluster0-shard-00-02.hjw8j.mongodb.net[39m
[34m[39m
[14 Mar, 2025 - 07:35:13:3513] [34minfo[39m: [34m📑 Visit the documentation at: http://localhost:8080[39m
[14 Mar, 2025 - 07:35:13:3513] [34minfo[39m: [34m⚙️  Server is running on port: 8080[39m
[14 Mar, 2025 - 07:52:19:5219] [34minfo[39m: [34m[39m
[34m☘️  MongoDB Connected! Db host: cluster0-shard-00-02.hjw8j.mongodb.net[39m
[34m[39m
[14 Mar, 2025 - 07:52:19:5219] [34minfo[39m: [34m📑 Visit the documentation at: http://localhost:8080[39m
[14 Mar, 2025 - 07:52:19:5219] [34minfo[39m: [34m⚙️  Server is running on port: 8080[39m
[14 Mar, 2025 - 07:52:47:5247] [34minfo[39m: [34m[39m
[34m☘️  MongoDB Connected! Db host: cluster0-shard-00-01.hjw8j.mongodb.net[39m
[34m[39m
[14 Mar, 2025 - 07:52:47:5247] [34minfo[39m: [34m📑 Visit the documentation at: http://localhost:8080[39m
[14 Mar, 2025 - 07:52:47:5247] [34minfo[39m: [34m⚙️  Server is running on port: 8080[39m
[14 Mar, 2025 - 07:57:23:5723] [34minfo[39m: [34m[39m
[34m☘️  MongoDB Connected! Db host: cluster0-shard-00-01.hjw8j.mongodb.net[39m
[34m[39m
[14 Mar, 2025 - 07:57:23:5723] [34minfo[39m: [34m📑 Visit the documentation at: http://localhost:8080[39m
[14 Mar, 2025 - 07:57:23:5723] [34minfo[39m: [34m⚙️  Server is running on port: 8080[39m
[14 Mar, 2025 - 08:04:33:433] [34minfo[39m: [34m[39m
[34m☘️  MongoDB Connected! Db host: cluster0-shard-00-00.hjw8j.mongodb.net[39m
[34m[39m
[14 Mar, 2025 - 08:04:33:433] [34minfo[39m: [34m📑 Visit the documentation at: http://localhost:8080[39m
[14 Mar, 2025 - 08:04:33:433] [34minfo[39m: [34m⚙️  Server is running on port: 8080[39m
[14 Mar, 2025 - 08:14:35:1435] [34minfo[39m: [34m[39m
[34m☘️  MongoDB Connected! Db host: cluster0-shard-00-01.hjw8j.mongodb.net[39m
[34m[39m
[14 Mar, 2025 - 08:14:35:1435] [34minfo[39m: [34m📑 Visit the documentation at: http://localhost:8080[39m
[14 Mar, 2025 - 08:14:35:1435] [34minfo[39m: [34m⚙️  Server is running on port: 8080[39m
[14 Mar, 2025 - 08:16:14:1614] [34minfo[39m: [34m[39m
[34m☘️  MongoDB Connected! Db host: cluster0-shard-00-02.hjw8j.mongodb.net[39m
[34m[39m
[14 Mar, 2025 - 08:16:14:1614] [34minfo[39m: [34m📑 Visit the documentation at: http://localhost:8080[39m
[14 Mar, 2025 - 08:16:14:1614] [34minfo[39m: [34m⚙️  Server is running on port: 8080[39m
[14 Mar, 2025 - 08:18:58:1858] [34minfo[39m: [34m[39m
[34m☘️  MongoDB Connected! Db host: cluster0-shard-00-00.hjw8j.mongodb.net[39m
[34m[39m
[14 Mar, 2025 - 08:18:58:1858] [34minfo[39m: [34m📑 Visit the documentation at: http://localhost:8080[39m
[14 Mar, 2025 - 08:18:58:1858] [34minfo[39m: [34m⚙️  Server is running on port: 8080[39m
[14 Mar, 2025 - 08:25:17:2517] [34minfo[39m: [34m[39m
[34m☘️  MongoDB Connected! Db host: cluster0-shard-00-01.hjw8j.mongodb.net[39m
[34m[39m
[14 Mar, 2025 - 08:25:17:2517] [34minfo[39m: [34m📑 Visit the documentation at: http://localhost:8080[39m
[14 Mar, 2025 - 08:25:18:2518] [34minfo[39m: [34m⚙️  Server is running on port: 8080[39m
[14 Mar, 2025 - 08:39:20:3920] [34minfo[39m: [34m[39m
[34m☘️  MongoDB Connected! Db host: cluster0-shard-00-00.hjw8j.mongodb.net[39m
[34m[39m
[14 Mar, 2025 - 08:39:20:3920] [34minfo[39m: [34m📑 Visit the documentation at: http://localhost:8080[39m
[14 Mar, 2025 - 08:39:20:3920] [34minfo[39m: [34m⚙️  Server is running on port: 8080[39m
[14 Mar, 2025 - 08:49:34:4934] [34minfo[39m: [34m[39m
[34m☘️  MongoDB Connected! Db host: cluster0-shard-00-01.hjw8j.mongodb.net[39m
[34m[39m
[14 Mar, 2025 - 08:49:34:4934] [34minfo[39m: [34m📑 Visit the documentation at: http://localhost:8080[39m
[14 Mar, 2025 - 08:49:34:4934] [34minfo[39m: [34m⚙️  Server is running on port: 8080[39m
[14 Mar, 2025 - 08:52:19:5219] [34minfo[39m: [34m[39m
[34m☘️  MongoDB Connected! Db host: cluster0-shard-00-00.hjw8j.mongodb.net[39m
[34m[39m
[14 Mar, 2025 - 08:52:19:5219] [34minfo[39m: [34m📑 Visit the documentation at: http://localhost:8080[39m
[14 Mar, 2025 - 08:52:19:5219] [34minfo[39m: [34m⚙️  Server is running on port: 8080[39m
[14 Mar, 2025 - 08:53:43:5343] [34minfo[39m: [34m[39m
[34m☘️  MongoDB Connected! Db host: cluster0-shard-00-00.hjw8j.mongodb.net[39m
[34m[39m
[14 Mar, 2025 - 08:53:43:5343] [34minfo[39m: [34m📑 Visit the documentation at: http://localhost:8080[39m
[14 Mar, 2025 - 08:53:43:5343] [34minfo[39m: [34m⚙️  Server is running on port: 8080[39m
[14 Mar, 2025 - 08:55:16:5516] [34minfo[39m: [34m[39m
[34m☘️  MongoDB Connected! Db host: cluster0-shard-00-02.hjw8j.mongodb.net[39m
[34m[39m
[14 Mar, 2025 - 08:55:16:5516] [34minfo[39m: [34m📑 Visit the documentation at: http://localhost:8080[39m
[14 Mar, 2025 - 08:55:16:5516] [34minfo[39m: [34m⚙️  Server is running on port: 8080[39m
[14 Mar, 2025 - 08:59:30:5930] [34minfo[39m: [34m[39m
[34m☘️  MongoDB Connected! Db host: cluster0-shard-00-02.hjw8j.mongodb.net[39m
[34m[39m
[14 Mar, 2025 - 08:59:30:5930] [34minfo[39m: [34m📑 Visit the documentation at: http://localhost:8080[39m
[14 Mar, 2025 - 08:59:30:5930] [34minfo[39m: [34m⚙️  Server is running on port: 8080[39m
[14 Mar, 2025 - 08:59:51:5951] [34minfo[39m: [34m[39m
[34m☘️  MongoDB Connected! Db host: cluster0-shard-00-01.hjw8j.mongodb.net[39m
[34m[39m
[14 Mar, 2025 - 08:59:51:5951] [34minfo[39m: [34m📑 Visit the documentation at: http://localhost:8080[39m
[14 Mar, 2025 - 08:59:51:5951] [34minfo[39m: [34m⚙️  Server is running on port: 8080[39m
[14 Mar, 2025 - 09:01:42:142] [34minfo[39m: [34m[39m
[34m☘️  MongoDB Connected! Db host: cluster0-shard-00-00.hjw8j.mongodb.net[39m
[34m[39m
[14 Mar, 2025 - 09:01:42:142] [34minfo[39m: [34m📑 Visit the documentation at: http://localhost:8080[39m
[14 Mar, 2025 - 09:01:42:142] [34minfo[39m: [34m⚙️  Server is running on port: 8080[39m
[14 Mar, 2025 - 09:04:50:450] [34minfo[39m: [34m[39m
[34m☘️  MongoDB Connected! Db host: cluster0-shard-00-01.hjw8j.mongodb.net[39m
[34m[39m
[14 Mar, 2025 - 09:04:50:450] [34minfo[39m: [34m📑 Visit the documentation at: http://localhost:8080[39m
[14 Mar, 2025 - 09:04:50:450] [34minfo[39m: [34m⚙️  Server is running on port: 8080[39m
[14 Mar, 2025 - 09:07:06:76] [31merror[39m: [31mEmail service failed silently. Make sure you have provided your MAILTRAP credentials in the .env file[39m
[14 Mar, 2025 - 09:07:06:76] [31merror[39m: [31mError:  getaddrinfo ENOTFOUND __mailtrap_smtp_host__[39m
[14 Mar, 2025 - 09:16:23:1623] [34minfo[39m: [34m[39m
[34m☘️  MongoDB Connected! Db host: cluster0-shard-00-00.hjw8j.mongodb.net[39m
[34m[39m
[14 Mar, 2025 - 09:16:23:1623] [34minfo[39m: [34m📑 Visit the documentation at: http://localhost:8080[39m
[14 Mar, 2025 - 09:16:23:1623] [34minfo[39m: [34m⚙️  Server is running on port: 8080[39m
[14 Mar, 2025 - 09:17:22:1722] [31merror[39m: [31mEmail service failed silently. Make sure you have provided your MAILTRAP credentials in the .env file[39m
[14 Mar, 2025 - 09:17:22:1722] [31merror[39m: [31mError:  connect ETIMEDOUT 142.251.175.109:2525[39m
[14 Mar, 2025 - 09:38:45:3845] [34minfo[39m: [34m[39m
[34m☘️  MongoDB Connected! Db host: cluster0-shard-00-02.hjw8j.mongodb.net[39m
[34m[39m
[14 Mar, 2025 - 09:38:45:3845] [34minfo[39m: [34m📑 Visit the documentation at: http://localhost:8080[39m
[14 Mar, 2025 - 09:38:45:3845] [34minfo[39m: [34m⚙️  Server is running on port: 8080[39m
[14 Mar, 2025 - 09:39:15:3915] [31merror[39m: [31mEmail service failed silently. Make sure you have provided your MAILTRAP credentials in the .env file[39m
[14 Mar, 2025 - 09:39:15:3915] [31merror[39m: [31mError:  5C250000:error:0A00010B:SSL routines:ssl3_get_record:wrong version number:c:\ws\deps\openssl\openssl\ssl\record\ssl3_record.c:355:[39m
[31m[39m
[14 Mar, 2025 - 09:41:15:4115] [34minfo[39m: [34m[39m
[34m☘️  MongoDB Connected! Db host: cluster0-shard-00-00.hjw8j.mongodb.net[39m
[34m[39m
[14 Mar, 2025 - 09:41:15:4115] [34minfo[39m: [34m📑 Visit the documentation at: http://localhost:8080[39m
[14 Mar, 2025 - 09:41:15:4115] [34minfo[39m: [34m⚙️  Server is running on port: 8080[39m
[14 Mar, 2025 - 09:42:41:4241] [34minfo[39m: [34m[39m
[34m☘️  MongoDB Connected! Db host: cluster0-shard-00-01.hjw8j.mongodb.net[39m
[34m[39m
[14 Mar, 2025 - 09:42:41:4241] [34minfo[39m: [34m📑 Visit the documentation at: http://localhost:8080[39m
[14 Mar, 2025 - 09:42:41:4241] [34minfo[39m: [34m⚙️  Server is running on port: 8080[39m
[14 Mar, 2025 - 09:45:34:4534] [34minfo[39m: [34m[39m
[34m☘️  MongoDB Connected! Db host: cluster0-shard-00-02.hjw8j.mongodb.net[39m
[34m[39m
[14 Mar, 2025 - 09:45:34:4534] [34minfo[39m: [34m📑 Visit the documentation at: http://localhost:8080[39m
[14 Mar, 2025 - 09:45:34:4534] [34minfo[39m: [34m⚙️  Server is running on port: 8080[39m
[14 Mar, 2025 - 09:46:26:4626] [34minfo[39m: [34m[39m
[34m☘️  MongoDB Connected! Db host: cluster0-shard-00-00.hjw8j.mongodb.net[39m
[34m[39m
[14 Mar, 2025 - 09:46:26:4626] [34minfo[39m: [34m📑 Visit the documentation at: http://localhost:8080[39m
[14 Mar, 2025 - 09:46:26:4626] [34minfo[39m: [34m⚙️  Server is running on port: 8080[39m
[14 Mar, 2025 - 09:47:00:470] [31merror[39m: [31mEmail service failed silently. Make sure you have provided your MAILTRAP credentials in the .env file[39m
[14 Mar, 2025 - 09:47:00:470] [31merror[39m: [31mError:  connect ETIMEDOUT 3.86.141.192:2525[39m
[14 Mar, 2025 - 09:47:53:4753] [31merror[39m: [31mEmail service failed silently. Make sure you have provided your MAILTRAP credentials in the .env file[39m
[14 Mar, 2025 - 09:47:53:4753] [31merror[39m: [31mError:  connect ETIMEDOUT 18.215.44.90:2525[39m
[14 Mar, 2025 - 09:52:00:520] [34minfo[39m: [34m[39m
[34m☘️  MongoDB Connected! Db host: cluster0-shard-00-00.hjw8j.mongodb.net[39m
[34m[39m
[14 Mar, 2025 - 09:52:00:520] [34minfo[39m: [34m📑 Visit the documentation at: http://localhost:8080[39m
[14 Mar, 2025 - 09:52:00:520] [34minfo[39m: [34m⚙️  Server is running on port: 8080[39m
[14 Mar, 2025 - 09:52:07:527] [34minfo[39m: [34m[39m
[34m☘️  MongoDB Connected! Db host: cluster0-shard-00-00.hjw8j.mongodb.net[39m
[34m[39m
[14 Mar, 2025 - 09:52:07:527] [34minfo[39m: [34m📑 Visit the documentation at: http://localhost:8080[39m
[14 Mar, 2025 - 09:52:07:527] [34minfo[39m: [34m⚙️  Server is running on port: 8080[39m
[14 Mar, 2025 - 09:53:51:5351] [34minfo[39m: [34m[39m
[34m☘️  MongoDB Connected! Db host: cluster0-shard-00-00.hjw8j.mongodb.net[39m
[34m[39m
[14 Mar, 2025 - 09:53:51:5351] [34minfo[39m: [34m📑 Visit the documentation at: http://localhost:8080[39m
[14 Mar, 2025 - 09:53:51:5351] [34minfo[39m: [34m⚙️  Server is running on port: 8080[39m
[15 Mar, 2025 - 07:41:58:4158] [34minfo[39m: [34m[39m
[34m☘️  MongoDB Connected! Db host: cluster0-shard-00-02.hjw8j.mongodb.net[39m
[34m[39m
[15 Mar, 2025 - 07:41:58:4158] [34minfo[39m: [34m📑 Visit the documentation at: http://localhost:8080[39m
[15 Mar, 2025 - 07:41:58:4158] [34minfo[39m: [34m⚙️  Server is running on port: 8080[39m
[15 Mar, 2025 - 07:55:00:550] [34minfo[39m: [34m[39m
[34m☘️  MongoDB Connected! Db host: cluster0-shard-00-01.hjw8j.mongodb.net[39m
[34m[39m
[15 Mar, 2025 - 07:55:01:551] [34minfo[39m: [34m📑 Visit the documentation at: http://localhost:8080[39m
[15 Mar, 2025 - 07:55:01:551] [34minfo[39m: [34m⚙️  Server is running on port: 8080[39m
[15 Mar, 2025 - 07:55:37:5537] [34minfo[39m: [34m[39m
[34m☘️  MongoDB Connected! Db host: cluster0-shard-00-00.hjw8j.mongodb.net[39m
[34m[39m
[15 Mar, 2025 - 07:55:37:5537] [34minfo[39m: [34m📑 Visit the documentation at: http://localhost:8080[39m
[15 Mar, 2025 - 07:55:37:5537] [34minfo[39m: [34m⚙️  Server is running on port: 8080[39m
[15 Mar, 2025 - 07:56:04:564] [34minfo[39m: [34m[39m
[34m☘️  MongoDB Connected! Db host: cluster0-shard-00-01.hjw8j.mongodb.net[39m
[34m[39m
[15 Mar, 2025 - 07:56:04:564] [34minfo[39m: [34m📑 Visit the documentation at: http://localhost:8080[39m
[15 Mar, 2025 - 07:56:04:564] [34minfo[39m: [34m⚙️  Server is running on port: 8080[39m
[15 Mar, 2025 - 07:56:49:5649] [34minfo[39m: [34m[39m
[34m☘️  MongoDB Connected! Db host: cluster0-shard-00-00.hjw8j.mongodb.net[39m
[34m[39m
[15 Mar, 2025 - 07:56:49:5649] [34minfo[39m: [34m📑 Visit the documentation at: http://localhost:8080[39m
[15 Mar, 2025 - 07:56:49:5649] [34minfo[39m: [34m⚙️  Server is running on port: 8080[39m
[15 Mar, 2025 - 07:56:56:5656] [34minfo[39m: [34m[39m
[34m☘️  MongoDB Connected! Db host: cluster0-shard-00-01.hjw8j.mongodb.net[39m
[34m[39m
[15 Mar, 2025 - 07:56:56:5656] [34minfo[39m: [34m📑 Visit the documentation at: http://localhost:8080[39m
[15 Mar, 2025 - 07:56:56:5656] [34minfo[39m: [34m⚙️  Server is running on port: 8080[39m
[15 Mar, 2025 - 07:58:18:5818] [34minfo[39m: [34m[39m
[34m☘️  MongoDB Connected! Db host: cluster0-shard-00-02.hjw8j.mongodb.net[39m
[34m[39m
[15 Mar, 2025 - 07:58:18:5818] [34minfo[39m: [34m📑 Visit the documentation at: http://localhost:8080[39m
[15 Mar, 2025 - 07:58:18:5818] [34minfo[39m: [34m⚙️  Server is running on port: 8080[39m
[15 Mar, 2025 - 08:01:53:153] [34minfo[39m: [34m[39m
[34m☘️  MongoDB Connected! Db host: cluster0-shard-00-00.hjw8j.mongodb.net[39m
[34m[39m
[15 Mar, 2025 - 08:01:53:153] [34minfo[39m: [34m📑 Visit the documentation at: http://localhost:8080[39m
[15 Mar, 2025 - 08:01:53:153] [34minfo[39m: [34m⚙️  Server is running on port: 8080[39m
[15 Mar, 2025 - 09:12:53:1253] [34minfo[39m: [34m[39m
[34m☘️  MongoDB Connected! Db host: cluster0-shard-00-01.hjw8j.mongodb.net[39m
[34m[39m
[15 Mar, 2025 - 09:12:53:1253] [34minfo[39m: [34m📑 Visit the documentation at: http://localhost:8080[39m
[15 Mar, 2025 - 09:12:53:1253] [34minfo[39m: [34m⚙️  Server is running on port: 8080[39m
[15 Mar, 2025 - 09:20:37:2037] [34minfo[39m: [34m[39m
[34m☘️  MongoDB Connected! Db host: cluster0-shard-00-00.hjw8j.mongodb.net[39m
[34m[39m
[15 Mar, 2025 - 09:20:37:2037] [34minfo[39m: [34m📑 Visit the documentation at: http://localhost:8080[39m
[15 Mar, 2025 - 09:20:37:2037] [34minfo[39m: [34m⚙️  Server is running on port: 8080[39m
[15 Mar, 2025 - 09:23:32:2332] [34minfo[39m: [34m[39m
[34m☘️  MongoDB Connected! Db host: cluster0-shard-00-01.hjw8j.mongodb.net[39m
[34m[39m
[15 Mar, 2025 - 09:23:33:2333] [31merror[39m: [31mMongo db connect error:  Listen method has been called more than once without closing.[39m
[15 Mar, 2025 - 10:53:33:5333] [34minfo[39m: [34m[39m
[34m☘️  MongoDB Connected! Db host: cluster0-shard-00-02.hjw8j.mongodb.net[39m
[34m[39m
[15 Mar, 2025 - 10:53:33:5333] [31merror[39m: [31mMongo db connect error:  Listen method has been called more than once without closing.[39m
[15 Mar, 2025 - 11:04:13:413] [34minfo[39m: [34m[39m
[34m☘️  MongoDB Connected! Db host: cluster0-shard-00-00.hjw8j.mongodb.net[39m
[34m[39m
[15 Mar, 2025 - 11:04:13:413] [31merror[39m: [31mMongo db connect error:  Listen method has been called more than once without closing.[39m
[15 Mar, 2025 - 11:25:52:2552] [34minfo[39m: [34m[39m
[34m☘️  MongoDB Connected! Db host: cluster0-shard-00-01.hjw8j.mongodb.net[39m
[34m[39m
[15 Mar, 2025 - 11:25:52:2552] [31merror[39m: [31mMongo db connect error:  Listen method has been called more than once without closing.[39m
[15 Mar, 2025 - 11:35:50:3550] [34minfo[39m: [34m[39m
[34m☘️  MongoDB Connected! Db host: cluster0-shard-00-01.hjw8j.mongodb.net[39m
[34m[39m
[15 Mar, 2025 - 11:35:50:3550] [31merror[39m: [31mMongo db connect error:  Listen method has been called more than once without closing.[39m
[15 Mar, 2025 - 11:36:03:363] [34minfo[39m: [34m[39m
[34m☘️  MongoDB Connected! Db host: cluster0-shard-00-02.hjw8j.mongodb.net[39m
[34m[39m
[15 Mar, 2025 - 11:36:03:363] [31merror[39m: [31mMongo db connect error:  Listen method has been called more than once without closing.[39m
[15 Mar, 2025 - 11:36:23:3623] [34minfo[39m: [34m[39m
[34m☘️  MongoDB Connected! Db host: cluster0-shard-00-01.hjw8j.mongodb.net[39m
[34m[39m
[15 Mar, 2025 - 11:36:23:3623] [31merror[39m: [31mMongo db connect error:  Listen method has been called more than once without closing.[39m
[15 Mar, 2025 - 12:10:13:1013] [34minfo[39m: [34m[39m
[34m☘️  MongoDB Connected! Db host: cluster0-shard-00-02.hjw8j.mongodb.net[39m
[34m[39m
[15 Mar, 2025 - 12:10:13:1013] [31merror[39m: [31mMongo db connect error:  Listen method has been called more than once without closing.[39m
[15 Mar, 2025 - 12:19:41:1941] [34minfo[39m: [34m[39m
[34m☘️  MongoDB Connected! Db host: cluster0-shard-00-00.hjw8j.mongodb.net[39m
[34m[39m
[15 Mar, 2025 - 12:19:41:1941] [31merror[39m: [31mMongo db connect error:  Listen method has been called more than once without closing.[39m
[15 Mar, 2025 - 13:13:00:130] [34minfo[39m: [34m[39m
[34m☘️  MongoDB Connected! Db host: cluster0-shard-00-02.hjw8j.mongodb.net[39m
[34m[39m
[15 Mar, 2025 - 13:13:00:130] [31merror[39m: [31mMongo db connect error:  Listen method has been called more than once without closing.[39m
[15 Mar, 2025 - 13:13:09:139] [34minfo[39m: [34m[39m
[34m☘️  MongoDB Connected! Db host: cluster0-shard-00-00.hjw8j.mongodb.net[39m
[34m[39m
[15 Mar, 2025 - 13:13:09:139] [31merror[39m: [31mMongo db connect error:  Listen method has been called more than once without closing.[39m
[15 Mar, 2025 - 13:14:56:1456] [34minfo[39m: [34mRemoved local: [39m
[16 Mar, 2025 - 19:04:06:46] [34minfo[39m: [34m[39m
[34m☘️  MongoDB Connected! Db host: cluster0-shard-00-02.hjw8j.mongodb.net[39m
[34m[39m
[16 Mar, 2025 - 19:04:06:46] [31merror[39m: [31mMongo db connect error:  Listen method has been called more than once without closing.[39m
[16 Mar, 2025 - 19:06:43:643] [34minfo[39m: [34m[39m
[34m☘️  MongoDB Connected! Db host: cluster0-shard-00-00.hjw8j.mongodb.net[39m
[34m[39m
[16 Mar, 2025 - 19:06:43:643] [31merror[39m: [31mMongo db connect error:  Listen method has been called more than once without closing.[39m
[16 Mar, 2025 - 19:23:37:2337] [34minfo[39m: [34m[39m
[34m☘️  MongoDB Connected! Db host: cluster0-shard-00-01.hjw8j.mongodb.net[39m
[34m[39m
[16 Mar, 2025 - 19:23:38:2338] [31merror[39m: [31mMongo db connect error:  Listen method has been called more than once without closing.[39m
[16 Mar, 2025 - 19:29:38:2938] [34minfo[39m: [34m[39m
[34m☘️  MongoDB Connected! Db host: cluster0-shard-00-00.hjw8j.mongodb.net[39m
[34m[39m
[16 Mar, 2025 - 19:29:38:2938] [31merror[39m: [31mMongo db connect error:  Listen method has been called more than once without closing.[39m
[17 Mar, 2025 - 20:49:24:4924] [34minfo[39m: [34m[39m
[34m☘️  MongoDB Connected! Db host: cluster0-shard-00-02.hjw8j.mongodb.net[39m
[34m[39m
[17 Mar, 2025 - 20:51:56:5156] [34minfo[39m: [34m[39m
[34m☘️  MongoDB Connected! Db host: cluster0-shard-00-02.hjw8j.mongodb.net[39m
[34m[39m
[17 Mar, 2025 - 20:51:56:5156] [31merror[39m: [31mMongo db connect error:  Listen method has been called more than once without closing.[39m
[17 Mar, 2025 - 20:56:21:5621] [34minfo[39m: [34m[39m
[34m☘️  MongoDB Connected! Db host: cluster0-shard-00-01.hjw8j.mongodb.net[39m
[34m[39m
[17 Mar, 2025 - 20:56:21:5621] [31merror[39m: [31mMongo db connect error:  Listen method has been called more than once without closing.[39m
[17 Mar, 2025 - 20:57:52:5752] [34minfo[39m: [34m[39m
[34m☘️  MongoDB Connected! Db host: cluster0-shard-00-01.hjw8j.mongodb.net[39m
[34m[39m
[17 Mar, 2025 - 20:57:52:5752] [31merror[39m: [31mMongo db connect error:  Listen method has been called more than once without closing.[39m
[17 Mar, 2025 - 20:58:07:587] [34minfo[39m: [34m[39m
[34m☘️  MongoDB Connected! Db host: cluster0-shard-00-00.hjw8j.mongodb.net[39m
[34m[39m
[17 Mar, 2025 - 20:58:07:587] [31merror[39m: [31mMongo db connect error:  Listen method has been called more than once without closing.[39m
[17 Mar, 2025 - 21:28:37:2837] [31merror[39m: [31mMongoDB connection error:  querySrv ECONNREFUSED _mongodb._tcp.cluster0.hjw8j.mongodb.net[39m
[17 Mar, 2025 - 21:41:58:4158] [34minfo[39m: [34m[39m
[34m☘️  MongoDB Connected! Db host: cluster0-shard-00-00.hjw8j.mongodb.net[39m
[34m[39m
[17 Mar, 2025 - 21:41:58:4158] [31merror[39m: [31mMongo db connect error:  Listen method has been called more than once without closing.[39m
[18 Mar, 2025 - 08:04:18:418] [34minfo[39m: [34m[39m
[34m☘️  MongoDB Connected! Db host: cluster0-shard-00-00.hjw8j.mongodb.net[39m
[34m[39m
[18 Mar, 2025 - 08:04:18:418] [31merror[39m: [31mMongo db connect error:  Listen method has been called more than once without closing.[39m
[18 Mar, 2025 - 20:36:13:3613] [34minfo[39m: [34m[39m
[34m☘️  MongoDB Connected! Db host: cluster0-shard-00-01.hjw8j.mongodb.net[39m
[34m[39m
[18 Mar, 2025 - 20:36:13:3613] [31merror[39m: [31mMongo db connect error:  Listen method has been called more than once without closing.[39m
[18 Mar, 2025 - 20:40:58:4058] [34minfo[39m: [34m[39m
[34m☘️  MongoDB Connected! Db host: cluster0-shard-00-02.hjw8j.mongodb.net[39m
[34m[39m
[18 Mar, 2025 - 20:40:58:4058] [31merror[39m: [31mMongo db connect error:  Listen method has been called more than once without closing.[39m
[18 Mar, 2025 - 20:45:26:4526] [34minfo[39m: [34m[39m
[34m☘️  MongoDB Connected! Db host: cluster0-shard-00-00.hjw8j.mongodb.net[39m
[34m[39m
[18 Mar, 2025 - 20:45:26:4526] [31merror[39m: [31mMongo db connect error:  Listen method has been called more than once without closing.[39m
[18 Mar, 2025 - 20:47:23:4723] [34minfo[39m: [34m[39m
[34m☘️  MongoDB Connected! Db host: cluster0-shard-00-00.hjw8j.mongodb.net[39m
[34m[39m
[18 Mar, 2025 - 20:47:23:4723] [31merror[39m: [31mMongo db connect error:  Listen method has been called more than once without closing.[39m
[18 Mar, 2025 - 20:49:33:4933] [34minfo[39m: [34m[39m
[34m☘️  MongoDB Connected! Db host: cluster0-shard-00-01.hjw8j.mongodb.net[39m
[34m[39m
[18 Mar, 2025 - 20:49:33:4933] [31merror[39m: [31mMongo db connect error:  Listen method has been called more than once without closing.[39m
[18 Mar, 2025 - 20:49:54:4954] [34minfo[39m: [34m[39m
[34m☘️  MongoDB Connected! Db host: cluster0-shard-00-02.hjw8j.mongodb.net[39m
[34m[39m
[18 Mar, 2025 - 20:49:54:4954] [31merror[39m: [31mMongo db connect error:  Listen method has been called more than once without closing.[39m
[18 Mar, 2025 - 20:58:01:581] [34minfo[39m: [34m[39m
[34m☘️  MongoDB Connected! Db host: cluster0-shard-00-02.hjw8j.mongodb.net[39m
[34m[39m
[18 Mar, 2025 - 20:58:01:581] [31merror[39m: [31mMongo db connect error:  Listen method has been called more than once without closing.[39m
[18 Mar, 2025 - 21:42:57:4257] [31merror[39m: [31mMongoDB connection error:  querySrv ETIMEOUT _mongodb._tcp.cluster0.hjw8j.mongodb.net[39m
[18 Mar, 2025 - 21:51:20:5120] [34minfo[39m: [34m[39m
[34m☘️  MongoDB Connected! Db host: cluster0-shard-00-01.hjw8j.mongodb.net[39m
[34m[39m
[18 Mar, 2025 - 21:51:20:5120] [31merror[39m: [31mMongo db connect error:  Listen method has been called more than once without closing.[39m
[19 Mar, 2025 - 12:44:07:447] [34minfo[39m: [34m[39m
[34m☘️  MongoDB Connected! Db host: cluster0-shard-00-02.hjw8j.mongodb.net[39m
[34m[39m
[21 Mar, 2025 - 22:22:40:2240] [34minfo[39m: [34m[39m
[34m☘️  MongoDB Connected! Db host: cluster0-shard-00-00.hjw8j.mongodb.net[39m
[34m[39m
[21 Mar, 2025 - 22:22:40:2240] [31merror[39m: [31mMongo db connect error:  Listen method has been called more than once without closing.[39m
[21 Mar, 2025 - 22:27:31:2731] [34minfo[39m: [34m[39m
[34m☘️  MongoDB Connected! Db host: cluster0-shard-00-02.hjw8j.mongodb.net[39m
[34m[39m
[21 Mar, 2025 - 22:27:31:2731] [31merror[39m: [31mMongo db connect error:  Listen method has been called more than once without closing.[39m
[21 Mar, 2025 - 23:27:33:2733] [34minfo[39m: [34m[39m
[34m☘️  MongoDB Connected! Db host: cluster0-shard-00-01.hjw8j.mongodb.net[39m
[34m[39m
